DEPRECATION WARNING: Using `Rails::Application` subclass to start the server is deprecated and will be removed in Rails 6.0. Please change `run API` to `run Rails.application` in config.ru. (called from <main> at bin/rails:4)
  [1m[35m (0.1ms)[0m  [1m[34mSELECT sqlite_version(*)[0m
  ↳ bin/rails:4
  [1m[35m (3.4ms)[0m  [1m[35mCREATE TABLE "schema_migrations" ("version" varchar NOT NULL PRIMARY KEY)[0m
  ↳ bin/rails:4
  [1m[35m (5.0ms)[0m  [1m[35mCREATE TABLE "ar_internal_metadata" ("key" varchar NOT NULL PRIMARY KEY, "value" varchar, "created_at" datetime NOT NULL, "updated_at" datetime NOT NULL)[0m
  ↳ bin/rails:4
  [1m[36mActiveRecord::InternalMetadata Load (0.4ms)[0m  [1m[34mSELECT  "ar_internal_metadata".* FROM "ar_internal_metadata" WHERE "ar_internal_metadata"."key" = ? LIMIT ?[0m  [["key", "environment"], ["LIMIT", 1]]
  ↳ bin/rails:4
  [1m[35m (0.1ms)[0m  [1m[36mbegin transaction[0m
  ↳ bin/rails:4
  [1m[36mActiveRecord::InternalMetadata Create (0.4ms)[0m  [1m[32mINSERT INTO "ar_internal_metadata" ("key", "value", "created_at", "updated_at") VALUES (?, ?, ?, ?)[0m  [["key", "environment"], ["value", "development"], ["created_at", "2019-01-23 05:34:42.037797"], ["updated_at", "2019-01-23 05:34:42.037797"]]
  ↳ bin/rails:4
  [1m[35m (2.5ms)[0m  [1m[36mcommit transaction[0m
  ↳ bin/rails:4
  [1m[35m (0.1ms)[0m  [1m[34mSELECT "schema_migrations"."version" FROM "schema_migrations" ORDER BY "schema_migrations"."version" ASC[0m
  ↳ bin/rails:4
DEPRECATION WARNING: Using `Rails::Application` subclass to start the server is deprecated and will be removed in Rails 6.0. Please change `run API` to `run Rails.application` in config.ru. (called from <main> at bin/rails:4)
DEPRECATION WARNING: Using `Rails::Application` subclass to start the server is deprecated and will be removed in Rails 6.0. Please change `run API` to `run Rails.application` in config.ru. (called from <main> at bin/rails:4)
  [1m[35m (0.2ms)[0m  [1m[34mSELECT "schema_migrations"."version" FROM "schema_migrations" ORDER BY "schema_migrations"."version" ASC[0m
  ↳ bin/rails:4
Migrating to CreateUsers (20190123055644)
  [1m[35m (0.1ms)[0m  [1m[36mbegin transaction[0m
  ↳ bin/rails:4
  [1m[35m (0.1ms)[0m  [1m[34mSELECT sqlite_version(*)[0m
  ↳ db/migrate/20190123055644_create_users.rb:3
  [1m[35m (0.6ms)[0m  [1m[35mCREATE TABLE "users" ("id" integer PRIMARY KEY AUTOINCREMENT NOT NULL, "userName" varchar, "password_digest" varchar, "userBio" varchar, "created_at" datetime NOT NULL, "updated_at" datetime NOT NULL)[0m
  ↳ db/migrate/20190123055644_create_users.rb:3
  [1m[35m (0.1ms)[0m  [1m[35mCREATE UNIQUE INDEX "index_users_on_userName" ON "users" ("userName")[0m
  ↳ db/migrate/20190123055644_create_users.rb:3
  [1m[36mActiveRecord::SchemaMigration Create (0.3ms)[0m  [1m[32mINSERT INTO "schema_migrations" ("version") VALUES (?)[0m  [["version", "20190123055644"]]
  ↳ bin/rails:4
  [1m[35m (2.6ms)[0m  [1m[36mcommit transaction[0m
  ↳ bin/rails:4
  [1m[36mActiveRecord::InternalMetadata Load (0.2ms)[0m  [1m[34mSELECT  "ar_internal_metadata".* FROM "ar_internal_metadata" WHERE "ar_internal_metadata"."key" = ? LIMIT ?[0m  [["key", "environment"], ["LIMIT", 1]]
  ↳ bin/rails:4
  [1m[35m (0.1ms)[0m  [1m[36mbegin transaction[0m
  ↳ bin/rails:4
  [1m[35m (0.1ms)[0m  [1m[36mcommit transaction[0m
  ↳ bin/rails:4
  [1m[35m (0.1ms)[0m  [1m[34mSELECT "schema_migrations"."version" FROM "schema_migrations" ORDER BY "schema_migrations"."version" ASC[0m
  ↳ bin/rails:4
  [1m[36mUser Load (0.5ms)[0m  [1m[34mSELECT  "users".* FROM "users" LIMIT ?[0m  [["LIMIT", 11]]
  [1m[35m (0.4ms)[0m  [1m[34mSELECT COUNT(*) FROM "users"[0m
  [1m[35m (0.1ms)[0m  [1m[36mbegin transaction[0m
  [1m[35m (0.0ms)[0m  [1m[31mrollback transaction[0m
DEPRECATION WARNING: Using `Rails::Application` subclass to start the server is deprecated and will be removed in Rails 6.0. Please change `run API` to `run Rails.application` in config.ru. (called from <main> at bin/rails:4)
  [1m[35m (0.1ms)[0m  [1m[34mSELECT COUNT(*) FROM "users"[0m
  [1m[35m (0.1ms)[0m  [1m[34mSELECT COUNT(*) FROM "users"[0m
  [1m[35m (0.1ms)[0m  [1m[36mbegin transaction[0m
  [1m[35m (0.1ms)[0m  [1m[31mrollback transaction[0m
  [1m[35m (0.1ms)[0m  [1m[36mbegin transaction[0m
  [1m[35m (0.1ms)[0m  [1m[31mrollback transaction[0m
  [1m[35m (0.2ms)[0m  [1m[34mSELECT COUNT(*) FROM "users"[0m
  [1m[35m (0.5ms)[0m  [1m[34mSELECT COUNT(*) FROM "users"[0m
DEPRECATION WARNING: Using `Rails::Application` subclass to start the server is deprecated and will be removed in Rails 6.0. Please change `run API` to `run Rails.application` in config.ru. (called from <main> at bin/rails:4)
  [1m[35m (0.1ms)[0m  [1m[36mbegin transaction[0m
  ↳ app/apis/user_api.rb:8
  [1m[36mUser Exists (0.2ms)[0m  [1m[34mSELECT  1 AS one FROM "users" WHERE "users"."userName" = ? LIMIT ?[0m  [["userName", "batu3"], ["LIMIT", 1]]
  ↳ app/apis/user_api.rb:8
  [1m[36mUser Create (0.5ms)[0m  [1m[32mINSERT INTO "users" ("userName", "password_digest", "created_at", "updated_at") VALUES (?, ?, ?, ?)[0m  [["userName", "batu3"], ["password_digest", "$2a$10$3KTVeWDf1ak7.jDKSpbaCOJMl0UnwAKvpceg6IH8zoAioaL.2BrdS"], ["created_at", "2019-01-23 08:05:50.604042"], ["updated_at", "2019-01-23 08:05:50.604042"]]
  ↳ app/apis/user_api.rb:8
  [1m[35m (2.6ms)[0m  [1m[36mcommit transaction[0m
  ↳ app/apis/user_api.rb:8
  [1m[35m (0.2ms)[0m  [1m[34mSELECT "schema_migrations"."version" FROM "schema_migrations" ORDER BY "schema_migrations"."version" ASC[0m
  ↳ bin/rails:4
Migrating to CreateSounds (20190123074632)
  [1m[35m (0.1ms)[0m  [1m[36mbegin transaction[0m
  ↳ bin/rails:4
  [1m[35m (0.1ms)[0m  [1m[34mSELECT sqlite_version(*)[0m
  ↳ db/migrate/20190123074632_create_sounds.rb:3
  [1m[35m (0.6ms)[0m  [1m[35mCREATE TABLE "sounds" ("id" integer PRIMARY KEY AUTOINCREMENT NOT NULL, "uuid" varchar, "url" varchar, "user_id" integer, "created_at" datetime NOT NULL, "updated_at" datetime NOT NULL)[0m
  ↳ db/migrate/20190123074632_create_sounds.rb:3
  [1m[36mActiveRecord::SchemaMigration Create (0.3ms)[0m  [1m[32mINSERT INTO "schema_migrations" ("version") VALUES (?)[0m  [["version", "20190123074632"]]
  ↳ bin/rails:4
  [1m[35m (2.9ms)[0m  [1m[36mcommit transaction[0m
  ↳ bin/rails:4
  [1m[36mActiveRecord::InternalMetadata Load (0.2ms)[0m  [1m[34mSELECT  "ar_internal_metadata".* FROM "ar_internal_metadata" WHERE "ar_internal_metadata"."key" = ? LIMIT ?[0m  [["key", "environment"], ["LIMIT", 1]]
  ↳ bin/rails:4
  [1m[35m (0.1ms)[0m  [1m[36mbegin transaction[0m
  ↳ bin/rails:4
  [1m[35m (0.1ms)[0m  [1m[36mcommit transaction[0m
  ↳ bin/rails:4
  [1m[35m (0.1ms)[0m  [1m[34mSELECT "schema_migrations"."version" FROM "schema_migrations" ORDER BY "schema_migrations"."version" ASC[0m
  ↳ bin/rails:4
DEPRECATION WARNING: Using `Rails::Application` subclass to start the server is deprecated and will be removed in Rails 6.0. Please change `run API` to `run Rails.application` in config.ru. (called from <main> at bin/rails:4)
  [1m[35m (0.1ms)[0m  [1m[36mbegin transaction[0m
  ↳ app/apis/user_api.rb:9
  [1m[36mUser Exists (0.5ms)[0m  [1m[34mSELECT  1 AS one FROM "users" WHERE "users"."userName" = ? LIMIT ?[0m  [["userName", "batu3"], ["LIMIT", 1]]
  ↳ app/apis/user_api.rb:9
  [1m[35m (0.1ms)[0m  [1m[31mrollback transaction[0m
  ↳ app/apis/user_api.rb:9
  [1m[35m (0.0ms)[0m  [1m[36mbegin transaction[0m
  ↳ app/apis/user_api.rb:9
  [1m[36mUser Exists (0.2ms)[0m  [1m[34mSELECT  1 AS one FROM "users" WHERE "users"."userName" = ? LIMIT ?[0m  [["userName", "batu2"], ["LIMIT", 1]]
  ↳ app/apis/user_api.rb:9
  [1m[36mUser Create (0.5ms)[0m  [1m[32mINSERT INTO "users" ("userName", "password_digest", "created_at", "updated_at") VALUES (?, ?, ?, ?)[0m  [["userName", "batu2"], ["password_digest", "$2a$10$jbNSB6o4a8FWPDAWjGudrOD2gYdhbJscaVldKsQjEvv.d.v.twxaW"], ["created_at", "2019-01-23 08:42:50.017361"], ["updated_at", "2019-01-23 08:42:50.017361"]]
  ↳ app/apis/user_api.rb:9
  [1m[35m (2.6ms)[0m  [1m[36mcommit transaction[0m
  ↳ app/apis/user_api.rb:9
DEPRECATION WARNING: Using `Rails::Application` subclass to start the server is deprecated and will be removed in Rails 6.0. Please change `run API` to `run Rails.application` in config.ru. (called from <main> at bin/rails:4)
  [1m[35m (0.2ms)[0m  [1m[34mSELECT COUNT(*) FROM "users"[0m
  [1m[36mUser Load (0.7ms)[0m  [1m[34mSELECT  "users".* FROM "users" LIMIT ?[0m  [["LIMIT", 11]]
  [1m[36mUser Load (0.4ms)[0m  [1m[34mSELECT "users".* FROM "users"[0m
  [1m[36mUser Load (0.2ms)[0m  [1m[34mSELECT  "users".* FROM "users" ORDER BY "users"."id" ASC LIMIT ?[0m  [["LIMIT", 1]]
  [1m[36mUser Load (0.4ms)[0m  [1m[34mSELECT  "users".* FROM "users" WHERE "users"."userName" = ? AND "users"."password" = ? LIMIT ?[0m  [["userName", "batu3"], ["password", "123321"], ["LIMIT", 1]]
  [1m[36mUser Load (0.6ms)[0m  [1m[34mSELECT  "users".* FROM "users" WHERE "users"."userName" = ? AND "users"."password" = ? LIMIT ?[0m  [["userName", "batu3"], ["password", "123321"], ["LIMIT", 1]]
  [1m[36mUser Load (0.6ms)[0m  [1m[34mSELECT  "users".* FROM "users" LIMIT ?[0m  [["LIMIT", 1]]
DEPRECATION WARNING: Using `Rails::Application` subclass to start the server is deprecated and will be removed in Rails 6.0. Please change `run API` to `run Rails.application` in config.ru. (called from <main> at bin/rails:4)
  [1m[35m (0.1ms)[0m  [1m[36mbegin transaction[0m
  ↳ app/apis/user_api.rb:9
  [1m[36mUser Exists (0.2ms)[0m  [1m[34mSELECT  1 AS one FROM "users" WHERE "users"."userName" = ? LIMIT ?[0m  [["userName", "batu4"], ["LIMIT", 1]]
  ↳ app/apis/user_api.rb:9
  [1m[36mUser Create (0.5ms)[0m  [1m[32mINSERT INTO "users" ("userName", "password_digest", "created_at", "updated_at") VALUES (?, ?, ?, ?)[0m  [["userName", "batu4"], ["password_digest", "$2a$10$RIoGNxqwiqn0PtUUKHD7/eHagVEucStLun48.O5diljFyfwVrM5uq"], ["created_at", "2019-01-23 09:59:18.399630"], ["updated_at", "2019-01-23 09:59:18.399630"]]
  ↳ app/apis/user_api.rb:9
  [1m[35m (2.6ms)[0m  [1m[36mcommit transaction[0m
  ↳ app/apis/user_api.rb:9
  [1m[36mUser Load (0.3ms)[0m  [1m[34mSELECT  "users".* FROM "users" WHERE "users"."userName" = ? LIMIT ?[0m  [["userName", "batu4"], ["LIMIT", 1]]
  ↳ app/apis/session_api.rb:8
